  [4;36;1mSQL (0.4ms)[0m   [0;1m SELECT name
 FROM sqlite_master
 WHERE type = 'table' AND NOT name = 'sqlite_sequence'
[0m
  [4;35;1mSQL (0.2ms)[0m   [0mselect sqlite_version(*)[0m
  [4;36;1mSQL (2.3ms)[0m   [0;1mCREATE TABLE "schema_migrations" ("version" varchar(255) NOT NULL) [0m
  [4;35;1mSQL (2.2ms)[0m   [0mCREATE UNIQUE INDEX "unique_schema_migrations" ON "schema_migrations" ("version")[0m
  [4;36;1mSQL (0.2ms)[0m   [0;1m SELECT name
 FROM sqlite_master
 WHERE type = 'table' AND NOT name = 'sqlite_sequence'
[0m
  [4;35;1mSQL (0.1ms)[0m   [0mSELECT version FROM schema_migrations[0m
  [4;36;1mSQL (0.5ms)[0m   [0;1m SELECT name
 FROM sqlite_master
 WHERE type = 'table' AND NOT name = 'sqlite_sequence'
[0m
  [4;35;1mSQL (0.2ms)[0m   [0mselect sqlite_version(*)[0m
  [4;36;1mSQL (0.2ms)[0m   [0;1m SELECT name
 FROM sqlite_master
 WHERE type = 'table' AND NOT name = 'sqlite_sequence'
[0m
  [4;35;1mSQL (0.1ms)[0m   [0mSELECT version FROM schema_migrations[0m
  [4;36;1mSQL (0.1ms)[0m   [0;1m SELECT name
 FROM sqlite_master
 WHERE type = 'table' AND NOT name = 'sqlite_sequence'
[0m
  [4;36;1mSQL (0.5ms)[0m   [0;1m SELECT name
 FROM sqlite_master
 WHERE type = 'table' AND NOT name = 'sqlite_sequence'
[0m
  [4;35;1mSQL (0.1ms)[0m   [0mSELECT version FROM schema_migrations[0m
  [4;36;1mSQL (0.2ms)[0m   [0;1m SELECT name
 FROM sqlite_master
 WHERE type = 'table' AND NOT name = 'sqlite_sequence'
[0m
  [4;35;1mSQL (0.1ms)[0m   [0mselect sqlite_version(*)[0m
  [4;36;1mSQL (3.0ms)[0m   [0;1mCREATE TABLE "schema_migrations" ("version" varchar(255) NOT NULL) [0m
  [4;35;1mSQL (1.7ms)[0m   [0mCREATE UNIQUE INDEX "unique_schema_migrations" ON "schema_migrations" ("version")[0m
  [4;36;1mSQL (0.2ms)[0m   [0;1m SELECT name
 FROM sqlite_master
 WHERE type = 'table' AND NOT name = 'sqlite_sequence'
[0m
  [4;35;1mSQL (0.1ms)[0m   [0mSELECT version FROM "schema_migrations"[0m
  [4;36;1mSQL (1.6ms)[0m   [0;1mINSERT INTO "schema_migrations" (version) VALUES ('0')[0m


Processing ExampleController#index (for 127.0.0.1 at 2009-09-14 00:43:04) [GET]
Rendering template within layouts/application
Rendering example/index

ActionView::TemplateError (No public key specified.) on line #1 of app/views/example/index.html.erb:
1: <%= recaptcha_tags %>

    app/views/example/index.html.erb:1
    <internal:prelude>:8:in `synchronize'
    /usr/local/lib/ruby19/1.9.1/webrick/httpserver.rb:111:in `service'
    /usr/local/lib/ruby19/1.9.1/webrick/httpserver.rb:70:in `run'
    /usr/local/lib/ruby19/1.9.1/webrick/server.rb:183:in `block in start_thread'

Rendered rescues/_trace (123.4ms)
Rendered rescues/_request_and_response (1.4ms)
Rendering rescues/layout (internal_server_error)


Processing ExampleController#index (for 127.0.0.1 at 2009-09-14 00:47:48) [GET]
Rendering template within layouts/application
Rendering example/index

ActionView::TemplateError (undefined method `^' for "1":String) on line #1 of app/views/example/index.html.erb:
1: <%= recaptcha_tags %>

    app/views/example/index.html.erb:1
    <internal:prelude>:8:in `synchronize'
    /usr/local/lib/ruby19/1.9.1/webrick/httpserver.rb:111:in `service'
    /usr/local/lib/ruby19/1.9.1/webrick/httpserver.rb:70:in `run'
    /usr/local/lib/ruby19/1.9.1/webrick/server.rb:183:in `block in start_thread'

Rendered rescues/_trace (139.4ms)
Rendered rescues/_request_and_response (1.4ms)
Rendering rescues/layout (internal_server_error)
/!\ FAILSAFE /!\  Mon Sep 14 00:51:28 -0400 2009
  Status: 500 Internal Server Error
  no such file to load -- sqlite3
    /usr/local/lib/ruby/site_ruby/1.8/rubygems/custom_require.rb:31:in `gem_original_require'
    /usr/local/lib/ruby/site_ruby/1.8/rubygems/custom_require.rb:31:in `require'
    /usr/local/lib/ruby/gems/1.8/gems/activesupport-2.3.4/lib/active_support/dependencies.rb:156:in `require'
    /usr/local/lib/ruby/gems/1.8/gems/activesupport-2.3.4/lib/active_support/dependencies.rb:521:in `new_constants_in'
    /usr/local/lib/ruby/gems/1.8/gems/activesupport-2.3.4/lib/active_support/dependencies.rb:156:in `require'
    /usr/local/lib/ruby/gems/1.8/gems/activesupport-2.3.4/lib/active_support/core_ext/kernel/requires.rb:7:in `require_library_or_gem'
    /usr/local/lib/ruby/gems/1.8/gems/activesupport-2.3.4/lib/active_support/core_ext/kernel/reporting.rb:11:in `silence_warnings'
    /usr/local/lib/ruby/gems/1.8/gems/activesupport-2.3.4/lib/active_support/core_ext/kernel/requires.rb:5:in `require_library_or_gem'
    /usr/local/lib/ruby/gems/1.8/gems/activerecord-2.3.4/lib/active_record/connection_adapters/sqlite3_adapter.rb:10:in `sqlite3_connection'
    /usr/local/lib/ruby/gems/1.8/gems/activerecord-2.3.4/lib/active_record/connection_adapters/abstract/connection_pool.rb:223:in `send'
    /usr/local/lib/ruby/gems/1.8/gems/activerecord-2.3.4/lib/active_record/connection_adapters/abstract/connection_pool.rb:223:in `new_connection'
    /usr/local/lib/ruby/gems/1.8/gems/activerecord-2.3.4/lib/active_record/connection_adapters/abstract/connection_pool.rb:245:in `checkout_new_connection'
    /usr/local/lib/ruby/gems/1.8/gems/activerecord-2.3.4/lib/active_record/connection_adapters/abstract/connection_pool.rb:188:in `checkout'
    /usr/local/lib/ruby/gems/1.8/gems/activerecord-2.3.4/lib/active_record/connection_adapters/abstract/connection_pool.rb:184:in `loop'
    /usr/local/lib/ruby/gems/1.8/gems/activerecord-2.3.4/lib/active_record/connection_adapters/abstract/connection_pool.rb:184:in `checkout'
    /usr/local/lib/ruby/1.8/monitor.rb:242:in `synchronize'
    /usr/local/lib/ruby/gems/1.8/gems/activerecord-2.3.4/lib/active_record/connection_adapters/abstract/connection_pool.rb:183:in `checkout'
    /usr/local/lib/ruby/gems/1.8/gems/activerecord-2.3.4/lib/active_record/connection_adapters/abstract/connection_pool.rb:98:in `connection'
    /usr/local/lib/ruby/gems/1.8/gems/activerecord-2.3.4/lib/active_record/connection_adapters/abstract/connection_pool.rb:326:in `retrieve_connection'
    /usr/local/lib/ruby/gems/1.8/gems/activerecord-2.3.4/lib/active_record/connection_adapters/abstract/connection_specification.rb:123:in `retrieve_connection'
    /usr/local/lib/ruby/gems/1.8/gems/activerecord-2.3.4/lib/active_record/connection_adapters/abstract/connection_specification.rb:115:in `connection'
    /usr/local/lib/ruby/gems/1.8/gems/activerecord-2.3.4/lib/active_record/query_cache.rb:9:in `cache'
    /usr/local/lib/ruby/gems/1.8/gems/activerecord-2.3.4/lib/active_record/query_cache.rb:28:in `call'
    /usr/local/lib/ruby/gems/1.8/gems/activerecord-2.3.4/lib/active_record/connection_adapters/abstract/connection_pool.rb:361:in `call'
    /usr/local/lib/ruby/gems/1.8/gems/rack-1.0.0/lib/rack/head.rb:9:in `call'
    /usr/local/lib/ruby/gems/1.8/gems/rack-1.0.0/lib/rack/methodoverride.rb:24:in `call'
    /usr/local/lib/ruby/gems/1.8/gems/actionpack-2.3.4/lib/action_controller/params_parser.rb:15:in `call'
    /usr/local/lib/ruby/gems/1.8/gems/actionpack-2.3.4/lib/action_controller/session/cookie_store.rb:93:in `call'
    /usr/local/lib/ruby/gems/1.8/gems/actionpack-2.3.4/lib/action_controller/failsafe.rb:26:in `call'
    /usr/local/lib/ruby/gems/1.8/gems/rack-1.0.0/lib/rack/lock.rb:11:in `call'
    /usr/local/lib/ruby/gems/1.8/gems/rack-1.0.0/lib/rack/lock.rb:11:in `synchronize'
    /usr/local/lib/ruby/gems/1.8/gems/rack-1.0.0/lib/rack/lock.rb:11:in `call'
    /usr/local/lib/ruby/gems/1.8/gems/actionpack-2.3.4/lib/action_controller/dispatcher.rb:114:in `call'
    /usr/local/lib/ruby/gems/1.8/gems/actionpack-2.3.4/lib/action_controller/reloader.rb:34:in `run'
    /usr/local/lib/ruby/gems/1.8/gems/actionpack-2.3.4/lib/action_controller/dispatcher.rb:108:in `call'
    /usr/local/lib/ruby/gems/1.8/gems/rails-2.3.4/lib/rails/rack/static.rb:31:in `call'
    /usr/local/lib/ruby/gems/1.8/gems/rack-1.0.0/lib/rack/urlmap.rb:46:in `call'
    /usr/local/lib/ruby/gems/1.8/gems/rack-1.0.0/lib/rack/urlmap.rb:40:in `each'
    /usr/local/lib/ruby/gems/1.8/gems/rack-1.0.0/lib/rack/urlmap.rb:40:in `call'
    /usr/local/lib/ruby/gems/1.8/gems/rails-2.3.4/lib/rails/rack/log_tailer.rb:17:in `call'
    /usr/local/lib/ruby/gems/1.8/gems/rack-1.0.0/lib/rack/content_length.rb:13:in `call'
    /usr/local/lib/ruby/gems/1.8/gems/rack-1.0.0/lib/rack/handler/webrick.rb:46:in `service'
    /usr/local/lib/ruby/1.8/webrick/httpserver.rb:104:in `service'
    /usr/local/lib/ruby/1.8/webrick/httpserver.rb:65:in `run'
    /usr/local/lib/ruby/1.8/webrick/server.rb:173:in `start_thread'
    /usr/local/lib/ruby/1.8/webrick/server.rb:162:in `start'
    /usr/local/lib/ruby/1.8/webrick/server.rb:162:in `start_thread'
    /usr/local/lib/ruby/1.8/webrick/server.rb:95:in `start'
    /usr/local/lib/ruby/1.8/webrick/server.rb:92:in `each'
    /usr/local/lib/ruby/1.8/webrick/server.rb:92:in `start'
    /usr/local/lib/ruby/1.8/webrick/server.rb:23:in `start'
    /usr/local/lib/ruby/1.8/webrick/server.rb:82:in `start'
    /usr/local/lib/ruby/gems/1.8/gems/rack-1.0.0/lib/rack/handler/webrick.rb:13:in `run'
    /usr/local/lib/ruby/gems/1.8/gems/rails-2.3.4/lib/commands/server.rb:111
    /usr/local/lib/ruby/site_ruby/1.8/rubygems/custom_require.rb:31:in `gem_original_require'
    /usr/local/lib/ruby/site_ruby/1.8/rubygems/custom_require.rb:31:in `require'
    ./script/server:3
/!\ FAILSAFE /!\  Mon Sep 14 00:51:29 -0400 2009
  Status: 500 Internal Server Error
  no such file to load -- sqlite3
    /usr/local/lib/ruby/site_ruby/1.8/rubygems/custom_require.rb:31:in `gem_original_require'
    /usr/local/lib/ruby/site_ruby/1.8/rubygems/custom_require.rb:31:in `require'
    /usr/local/lib/ruby/gems/1.8/gems/activesupport-2.3.4/lib/active_support/dependencies.rb:156:in `require'
    /usr/local/lib/ruby/gems/1.8/gems/activesupport-2.3.4/lib/active_support/dependencies.rb:521:in `new_constants_in'
    /usr/local/lib/ruby/gems/1.8/gems/activesupport-2.3.4/lib/active_support/dependencies.rb:156:in `require'
    /usr/local/lib/ruby/gems/1.8/gems/activesupport-2.3.4/lib/active_support/core_ext/kernel/requires.rb:7:in `require_library_or_gem'
    /usr/local/lib/ruby/gems/1.8/gems/activesupport-2.3.4/lib/active_support/core_ext/kernel/reporting.rb:11:in `silence_warnings'
    /usr/local/lib/ruby/gems/1.8/gems/activesupport-2.3.4/lib/active_support/core_ext/kernel/requires.rb:5:in `require_library_or_gem'
    /usr/local/lib/ruby/gems/1.8/gems/activerecord-2.3.4/lib/active_record/connection_adapters/sqlite3_adapter.rb:10:in `sqlite3_connection'
    /usr/local/lib/ruby/gems/1.8/gems/activerecord-2.3.4/lib/active_record/connection_adapters/abstract/connection_pool.rb:223:in `send'
    /usr/local/lib/ruby/gems/1.8/gems/activerecord-2.3.4/lib/active_record/connection_adapters/abstract/connection_pool.rb:223:in `new_connection'
    /usr/local/lib/ruby/gems/1.8/gems/activerecord-2.3.4/lib/active_record/connection_adapters/abstract/connection_pool.rb:245:in `checkout_new_connection'
    /usr/local/lib/ruby/gems/1.8/gems/activerecord-2.3.4/lib/active_record/connection_adapters/abstract/connection_pool.rb:188:in `checkout'
    /usr/local/lib/ruby/gems/1.8/gems/activerecord-2.3.4/lib/active_record/connection_adapters/abstract/connection_pool.rb:184:in `loop'
    /usr/local/lib/ruby/gems/1.8/gems/activerecord-2.3.4/lib/active_record/connection_adapters/abstract/connection_pool.rb:184:in `checkout'
    /usr/local/lib/ruby/1.8/monitor.rb:242:in `synchronize'
    /usr/local/lib/ruby/gems/1.8/gems/activerecord-2.3.4/lib/active_record/connection_adapters/abstract/connection_pool.rb:183:in `checkout'
    /usr/local/lib/ruby/gems/1.8/gems/activerecord-2.3.4/lib/active_record/connection_adapters/abstract/connection_pool.rb:98:in `connection'
    /usr/local/lib/ruby/gems/1.8/gems/activerecord-2.3.4/lib/active_record/connection_adapters/abstract/connection_pool.rb:326:in `retrieve_connection'
    /usr/local/lib/ruby/gems/1.8/gems/activerecord-2.3.4/lib/active_record/connection_adapters/abstract/connection_specification.rb:123:in `retrieve_connection'
    /usr/local/lib/ruby/gems/1.8/gems/activerecord-2.3.4/lib/active_record/connection_adapters/abstract/connection_specification.rb:115:in `connection'
    /usr/local/lib/ruby/gems/1.8/gems/activerecord-2.3.4/lib/active_record/query_cache.rb:9:in `cache'
    /usr/local/lib/ruby/gems/1.8/gems/activerecord-2.3.4/lib/active_record/query_cache.rb:28:in `call'
    /usr/local/lib/ruby/gems/1.8/gems/activerecord-2.3.4/lib/active_record/connection_adapters/abstract/connection_pool.rb:361:in `call'
    /usr/local/lib/ruby/gems/1.8/gems/rack-1.0.0/lib/rack/head.rb:9:in `call'
    /usr/local/lib/ruby/gems/1.8/gems/rack-1.0.0/lib/rack/methodoverride.rb:24:in `call'
    /usr/local/lib/ruby/gems/1.8/gems/actionpack-2.3.4/lib/action_controller/params_parser.rb:15:in `call'
    /usr/local/lib/ruby/gems/1.8/gems/actionpack-2.3.4/lib/action_controller/session/cookie_store.rb:93:in `call'
    /usr/local/lib/ruby/gems/1.8/gems/actionpack-2.3.4/lib/action_controller/failsafe.rb:26:in `call'
    /usr/local/lib/ruby/gems/1.8/gems/rack-1.0.0/lib/rack/lock.rb:11:in `call'
    /usr/local/lib/ruby/gems/1.8/gems/rack-1.0.0/lib/rack/lock.rb:11:in `synchronize'
    /usr/local/lib/ruby/gems/1.8/gems/rack-1.0.0/lib/rack/lock.rb:11:in `call'
    /usr/local/lib/ruby/gems/1.8/gems/actionpack-2.3.4/lib/action_controller/dispatcher.rb:114:in `call'
    /usr/local/lib/ruby/gems/1.8/gems/actionpack-2.3.4/lib/action_controller/reloader.rb:34:in `run'
    /usr/local/lib/ruby/gems/1.8/gems/actionpack-2.3.4/lib/action_controller/dispatcher.rb:108:in `call'
    /usr/local/lib/ruby/gems/1.8/gems/rails-2.3.4/lib/rails/rack/static.rb:31:in `call'
    /usr/local/lib/ruby/gems/1.8/gems/rack-1.0.0/lib/rack/urlmap.rb:46:in `call'
    /usr/local/lib/ruby/gems/1.8/gems/rack-1.0.0/lib/rack/urlmap.rb:40:in `each'
    /usr/local/lib/ruby/gems/1.8/gems/rack-1.0.0/lib/rack/urlmap.rb:40:in `call'
    /usr/local/lib/ruby/gems/1.8/gems/rails-2.3.4/lib/rails/rack/log_tailer.rb:17:in `call'
    /usr/local/lib/ruby/gems/1.8/gems/rack-1.0.0/lib/rack/content_length.rb:13:in `call'
    /usr/local/lib/ruby/gems/1.8/gems/rack-1.0.0/lib/rack/handler/webrick.rb:46:in `service'
    /usr/local/lib/ruby/1.8/webrick/httpserver.rb:104:in `service'
    /usr/local/lib/ruby/1.8/webrick/httpserver.rb:65:in `run'
    /usr/local/lib/ruby/1.8/webrick/server.rb:173:in `start_thread'
    /usr/local/lib/ruby/1.8/webrick/server.rb:162:in `start'
    /usr/local/lib/ruby/1.8/webrick/server.rb:162:in `start_thread'
    /usr/local/lib/ruby/1.8/webrick/server.rb:95:in `start'
    /usr/local/lib/ruby/1.8/webrick/server.rb:92:in `each'
    /usr/local/lib/ruby/1.8/webrick/server.rb:92:in `start'
    /usr/local/lib/ruby/1.8/webrick/server.rb:23:in `start'
    /usr/local/lib/ruby/1.8/webrick/server.rb:82:in `start'
    /usr/local/lib/ruby/gems/1.8/gems/rack-1.0.0/lib/rack/handler/webrick.rb:13:in `run'
    /usr/local/lib/ruby/gems/1.8/gems/rails-2.3.4/lib/commands/server.rb:111
    /usr/local/lib/ruby/site_ruby/1.8/rubygems/custom_require.rb:31:in `gem_original_require'
    /usr/local/lib/ruby/site_ruby/1.8/rubygems/custom_require.rb:31:in `require'
    ./script/server:3


Processing ExampleController#index (for 127.0.0.1 at 2009-09-14 00:52:07) [GET]
Rendering template within layouts/application
Rendering example/index
Completed in 27ms (View: 22, DB: 0) | 200 OK [http://0.0.0.0/]


Processing ExampleController#index (for 127.0.0.1 at 2009-09-14 00:53:41) [GET]
Rendering template within layouts/application
Rendering example/index
Completed in 124ms (View: 119, DB: 0) | 200 OK [http://0.0.0.0/]


Processing ExampleController#index (for 127.0.0.1 at 2009-09-14 00:53:43) [GET]
Rendering template within layouts/application
Rendering example/index
Completed in 9ms (View: 4, DB: 0) | 200 OK [http://0.0.0.0/]


Processing ExampleController#index (for 127.0.0.1 at 2009-09-14 00:53:54) [GET]
Rendering template within layouts/application
Rendering example/index
Completed in 18ms (View: 13, DB: 0) | 200 OK [http://0.0.0.0/]


Processing ExampleController#index (for 127.0.0.1 at 2009-09-14 00:54:06) [GET]
Rendering template within layouts/application
Rendering example/index
Completed in 17ms (View: 12, DB: 0) | 200 OK [http://0.0.0.0/]


Processing ExampleController#index (for 127.0.0.1 at 2009-09-14 00:55:10) [GET]
Rendering template within layouts/application
Rendering example/index
Completed in 17ms (View: 12, DB: 0) | 200 OK [http://0.0.0.0/]


Processing ApplicationController#index (for 127.0.0.1 at 2009-09-14 00:55:24) [POST]
  Parameters: {"recaptcha_response_field"=>"studs FERKIN", "recaptcha_challenge_field"=>"02nO3iEDZWqhDMiGicGCF9FXC-UzNcLXzZPROoD7BMp98WpRLG9RV_-PSl5FwzOK5vkQQSxwx8-nPYtEhcNWSg6tY8c-ba0BRj_Ri1f439c-YvqJRFRjnY8b29xKCb9pD49JgIIC2cKetkPwke8FRUeTIl5XGChY5P8rShSmFBoIqO2WcIG6MvFYUOJsNUQ7nlgf7TBrFvFJhhtG7eZ7o89ABzaOvJeh7qqkzh-1Cfwi4GTjSyBSGNZbm1WKf2S-Dp3cLWiMB_TQPZvz4cXa5eyi-BUEAB", "commit"=>"Verify", "authenticity_token"=>"qi2CywRLIt+0cceUmrRKAJtz3w17+p6M5iQngJrNGKY="}

ActionController::RoutingError (No route matches "/posts" with {:method=>:post}):
  /usr/local/lib/ruby/1.8/webrick/httpserver.rb:104:in `service'
  /usr/local/lib/ruby/1.8/webrick/httpserver.rb:65:in `run'
  /usr/local/lib/ruby/1.8/webrick/server.rb:173:in `start_thread'
  /usr/local/lib/ruby/1.8/webrick/server.rb:162:in `start'
  /usr/local/lib/ruby/1.8/webrick/server.rb:162:in `start_thread'
  /usr/local/lib/ruby/1.8/webrick/server.rb:95:in `start'
  /usr/local/lib/ruby/1.8/webrick/server.rb:92:in `each'
  /usr/local/lib/ruby/1.8/webrick/server.rb:92:in `start'
  /usr/local/lib/ruby/1.8/webrick/server.rb:23:in `start'
  /usr/local/lib/ruby/1.8/webrick/server.rb:82:in `start'

Rendering rescues/layout (not_found)


Processing ExampleController#index (for 127.0.0.1 at 2009-09-14 00:55:44) [GET]
Rendering template within layouts/application
Rendering example/index
Completed in 18ms (View: 13, DB: 0) | 200 OK [http://0.0.0.0/]


Processing ExampleController#verify (for 127.0.0.1 at 2009-09-14 00:55:56) [POST]
  Parameters: {"recaptcha_response_field"=>"operatic REVISEDBYARMY", "recaptcha_challenge_field"=>"022SprGYNdLDQnGmo_s8wbBOWJXAphqCgsPDQXvOYiGtekbzJx8ZZkHDFIGricMy4vSDWHGPzMSKYHtYhNH_wifSRK-o3XYTYkhyPrLbW1pIp92I8duezwJ4TiesLRzqsHC7xBDlaudOp9-0HARmwU4xUe7Nc2qkCZSysX3Z026E7PT5pxy204V2UG1vAjSDm5PUkD72yXNizY7PApaa_XoeTQyf1HqZ6ouZK_iP7DBR_9aD-1MDQ5_NMJMIfSjkYVpfosOO1bMjVUGw-f0Kk8QSV9x4YB", "commit"=>"Verify", "authenticity_token"=>"qi2CywRLIt+0cceUmrRKAJtz3w17+p6M5iQngJrNGKY="}
Rendering template within layouts/application
Rendering example/index
Completed in 2554ms (View: 6, DB: 0) | 200 OK [http://0.0.0.0/example/verify]


Processing ExampleController#verify (for 127.0.0.1 at 2009-09-14 00:56:04) [POST]
  Parameters: {"recaptcha_response_field"=>"fail", "recaptcha_challenge_field"=>"02nVriUf6mrlLY5Pg_rWyekvplyM8CM9giXhdAMgpnBH-P3I4NX65H2maDxWsM6A9yUyb4QGhs65SZQK7fHAY_NuZP0Y56_SQCxAw6683ZpZOXRQCmtumPuP-pEG-wCQXnWDJOqRY886s7OykTeDN8s1oNfLrAG37yf2JfUEO49bKzTqMd7g8DP3Lhd2wR3td9qRrr69pdttXAMDGIn7qrLnq8W-ygu5D-Rf4mUGvtEEaHdduKB9VTOyQWFEJ31pf-goqGna9HGoSdkm3nk8iNP5bneTkB", "commit"=>"Verify", "authenticity_token"=>"qi2CywRLIt+0cceUmrRKAJtz3w17+p6M5iQngJrNGKY="}
Rendering template within layouts/application
Rendering example/index
Completed in 244ms (View: 6, DB: 0) | 200 OK [http://0.0.0.0/example/verify]


Processing ExampleController#index (for 127.0.0.1 at 2009-09-14 00:57:10) [GET]
Rendering template within layouts/application
Rendering example/index
Completed in 53ms (View: 48, DB: 0) | 200 OK [http://0.0.0.0/]


Processing ExampleController#index (for 127.0.0.1 at 2009-09-14 00:57:12) [GET]
Rendering template within layouts/application
Rendering example/index
Completed in 9ms (View: 5, DB: 0) | 200 OK [http://0.0.0.0/]


Processing ExampleController#verify (for 127.0.0.1 at 2009-09-14 00:57:21) [POST]
  Parameters: {"recaptcha_response_field"=>"SYBIL frog", "recaptcha_challenge_field"=>"02NZ53tkCDkQHXB-bfie5NhiVvQNUtA7gVYLVz1Ge5P9y5PO8wOzDUVJ2cIPbK2ephPZwa5m3LPqO0fW9ALUcjrwvOJGw8hrd0qb1OSmx8ZiH125BhAQobK4jCkRHM3mbK-YaigiqD0bO825JowM27zekdvdb6JG5CFnW559T22_LCUiHWo7FT7czdmsQkPlqM7yjhf2me1CGKcwSzRMo0vj_Y0aKDmoBJzFDLLY2-Zr82_6kolL0nTt6fjRqowpGNJ1J6erWmEiaqGWZBztgNj1WlWAAB", "commit"=>"Verify", "authenticity_token"=>"qi2CywRLIt+0cceUmrRKAJtz3w17+p6M5iQngJrNGKY="}
Rendering template within layouts/application
Rendering example/index
Completed in 643ms (View: 6, DB: 0) | 200 OK [http://0.0.0.0/example/verify]


Processing ExampleController#index (for 127.0.0.1 at 2009-09-14 01:03:22) [GET]
Rendering template within layouts/application
Rendering example/index
Completed in 54ms (View: 49, DB: 0) | 200 OK [http://0.0.0.0/]
